******************************************************
**  output file generated by SIMPRE version 1.1  **
******************************************************

 ____________________________________________________

 .######..####.##.....##.########..########..########
 ##....##..##..###...###.##.....##.##.....##.##......
 ##........##..####.####.##.....##.##.....##.##......
 .######...##..##.###.##.########..########..######..
 ......##..##..##.....##.##........##...##...##......
 ##....##..##..##.....##.##........##....##..##......
 .######..####.##.....##.##........##.....##.########
 ____________________________________________________

 ****************************************************

               ion:      Tm(III)
 number of charges:           11
                 g:        1.167
             units:         cm-1

 stv           2           4           6
      0.01010101  0.00016325 -0.00000561

 <r>k          2           4           6
      0.74000000  1.55500000  7.65900000

 shi           2           4           6
      0.55400000 -0.05670000 -0.03060000


  input coordinates

  cartesian (Å)
         x            y            z            Z  
    1.0739256    0.0000000    0.2380836    0.0300000
   -0.5369628    0.9300469    0.2380836    0.0300000
   -0.5369628   -0.9300469    0.2380836    0.0300000
    1.0739256    0.0000000   -0.2380836    0.0300000
   -0.5369628    0.9300469   -0.2380836    0.0300000
   -0.5369628   -0.9300469   -0.2380836    0.0300000
    0.6000000    1.0392305    0.0000000    0.0000000
   -1.2000000    0.0000000    0.0000000    0.0000000
    0.6000000   -1.0392305    0.0000000    0.0000000
    0.0000000   -0.0000000    1.0000000    0.0000000
    0.0000000   -0.0000000   -1.0000000    0.0000000

  spherical (rad)
         r          theta         phi           Z  
    1.1000000    1.3526302    0.0000000    0.0300000
    1.1000000    1.3526302    2.0943951    0.0300000
    1.1000000    1.3526302    4.1887902    0.0300000
    1.1000000    1.7889625    0.0000000    0.0300000
    1.1000000    1.7889625    2.0943951    0.0300000
    1.1000000    1.7889625    4.1887902    0.0300000
    1.2000000    1.5707963    1.0471976    0.0000000
    1.2000000    1.5707963    3.1415927    0.0000000
    1.2000000    1.5707963    5.2359878    0.0000000
    1.0000000    0.0000000    5.2359878    0.0000000
    1.0000000    3.1415927    5.2359878    0.0000000


 ****************************************************
     Stevens Crystal Field Parameters (cm-1)
 ****************************************************

   k   q         Akq <rk>             Bkq            
 ----------------------------------------------------

   2   0     -311.89995606       -3.15050461   
   4   0       43.68059353        0.00713080   
   6   0       -5.43805997        0.00003049   
   6   6      726.45619125       -0.00407256   
   6  -6        0.00000000        0.00000000   

Eigenvalues (cm-1) and eigenvectors

                     -6.00     -5.00     -4.00     -3.00     -2.00     -1.00      0.00      1.00      2.00      3.00      4.00      5.00      6.00

        0.000000 -0.694665 -0.000000 -0.000000 -0.000000 -0.000000 -0.000000 -0.186763 -0.000000 -0.000000 -0.000000 -0.000000 -0.000000 -0.694665
                 -0.000000  0.000000  0.000000  0.000000  0.000000  0.000000 -0.000000  0.000000  0.000000  0.000000  0.000000  0.000000  0.000000

        5.379841  0.000000  0.966254  0.000000  0.000000  0.000000 -0.000000  0.000000  0.257593 -0.000000  0.000000  0.000000 -0.000000  0.000000
                  0.000000  0.000001 -0.000000  0.000000  0.000000 -0.000000  0.000000  0.000000  0.000000  0.000000  0.000000 -0.000000  0.000000

        5.379841  0.000000 -0.000000  0.000000  0.000000  0.000000 -0.257593  0.000000 -0.000000  0.000000  0.000000  0.000000 -0.966254  0.000000
                  0.000000  0.000000 -0.000000  0.000000  0.000000 -0.000000  0.000000  0.000000 -0.000000  0.000000  0.000000 -0.000000  0.000000

       11.981760  0.707107  0.000000  0.000000  0.000000  0.000000  0.000000 -0.000000  0.000000  0.000000  0.000000  0.000000  0.000000 -0.707107
                  0.000000  0.000000  0.000000  0.000000 -0.000000  0.000000 -0.000000  0.000000  0.000000  0.000000 -0.000000  0.000000  0.000000

       56.878549  0.000000  0.000000  0.000000 -0.000000  0.000000  0.000000  0.000000 -0.000000  0.000000 -0.000000  0.000000  0.000000  0.000000
                  0.000000  0.000000 -0.890385 -0.000000  0.000000  0.000000  0.000000 -0.000000 -0.455208 -0.000000  0.000000 -0.000000  0.000000

       56.878549 -0.000000  0.000000  0.000000  0.000000  0.455208  0.000000 -0.000000  0.000000  0.000000  0.000000  0.890385  0.000000  0.000000
                 -0.000000  0.000000  0.000000  0.000000 -0.000000  0.000000 -0.000000  0.000000  0.000000  0.000000 -0.000000  0.000000  0.000000

       83.397628  0.000000 -0.000000 -0.000000  0.696661  0.000000  0.000000  0.000000 -0.000000 -0.000000  0.696661  0.000000  0.000000  0.000000
                  0.000000 -0.000000  0.000000  0.121095  0.000000  0.000000  0.000000 -0.000000  0.000000  0.121095  0.000000  0.000000  0.000000

      329.706146  0.000000 -0.000000  0.000000  0.135359  0.000000 -0.000000  0.000000  0.000000 -0.000000 -0.135359  0.000000  0.000000  0.000000
                  0.000000  0.000000 -0.000000 -0.694030  0.000000 -0.000000  0.000000  0.000000  0.000000  0.694030  0.000000  0.000000  0.000000

      334.256093  0.000000  0.000000  0.000000  0.000000  0.890385  0.000000  0.000000  0.000000  0.000000  0.000000 -0.455208  0.000000 -0.000000
                  0.000000  0.000000  0.000000  0.000000 -0.000000  0.000000  0.000000  0.000000  0.000000  0.000000  0.000000  0.000000  0.000000

      334.256093  0.000000  0.000000 -0.000000  0.000000  0.000000 -0.000000  0.000000 -0.000000  0.000000 -0.000000  0.000000  0.000000  0.000000
                  0.000000  0.000000  0.455208  0.000000  0.000000 -0.000000  0.000000  0.000000 -0.890385 -0.000000  0.000000  0.000000  0.000000

      340.357210  0.000000  0.000005 -0.000000 -0.000000  0.000000  0.966254  0.000000 -0.000018  0.000000  0.000000  0.000000 -0.257593  0.000000
                  0.000000  0.000004  0.000000 -0.000000  0.000000  0.000113  0.000000 -0.000015 -0.000000  0.000000  0.000000 -0.000030  0.000000

      340.357210  0.000000 -0.257593  0.000000  0.000000  0.000000  0.000018  0.000000  0.966254  0.000000 -0.000000  0.000000 -0.000005  0.000000
                  0.000000 -0.000001  0.000000  0.000000  0.000000 -0.000015  0.000000  0.000002 -0.000000 -0.000000  0.000000  0.000004  0.000000

      343.510848 -0.132061  0.000000  0.000000  0.000000 -0.000000  0.000000  0.982405  0.000000  0.000000  0.000000  0.000000  0.000000 -0.132061
                 -0.000000  0.000000  0.000000  0.000000  0.000000  0.000000  0.000000  0.000000  0.000000  0.000000 -0.000000  0.000000  0.000000


Eigenvalues (cm-1) and eigenvectors (modulus square)

                     -6.00     -5.00     -4.00     -3.00     -2.00     -1.00      0.00      1.00      2.00      3.00      4.00      5.00      6.00

        0.000000  0.482560  0.000000  0.000000  0.000000  0.000000  0.000000  0.034880  0.000000  0.000000  0.000000  0.000000  0.000000  0.482560

        5.379841  0.000000  0.933646  0.000000  0.000000  0.000000  0.000000  0.000000  0.066354  0.000000  0.000000  0.000000  0.000000  0.000000

        5.379841  0.000000  0.000000  0.000000  0.000000  0.000000  0.066354  0.000000  0.000000  0.000000  0.000000  0.000000  0.933646  0.000000

       11.981760  0.500000  0.000000  0.000000  0.000000  0.000000  0.000000  0.000000  0.000000  0.000000  0.000000  0.000000  0.000000  0.500000

       56.878549  0.000000  0.000000  0.792786  0.000000  0.000000  0.000000  0.000000  0.000000  0.207214  0.000000  0.000000  0.000000  0.000000

       56.878549  0.000000  0.000000  0.000000  0.000000  0.207214  0.000000  0.000000  0.000000  0.000000  0.000000  0.792786  0.000000  0.000000

       83.397628  0.000000  0.000000  0.000000  0.500000  0.000000  0.000000  0.000000  0.000000  0.000000  0.500000  0.000000  0.000000  0.000000

      329.706146  0.000000  0.000000  0.000000  0.500000  0.000000  0.000000  0.000000  0.000000  0.000000  0.500000  0.000000  0.000000  0.000000

      334.256093  0.000000  0.000000  0.000000  0.000000  0.792786  0.000000  0.000000  0.000000  0.000000  0.000000  0.207214  0.000000  0.000000

      334.256093  0.000000  0.000000  0.207214  0.000000  0.000000  0.000000  0.000000  0.000000  0.792786  0.000000  0.000000  0.000000  0.000000

      340.357210  0.000000  0.000000  0.000000  0.000000  0.000000  0.933646  0.000000  0.000000  0.000000  0.000000  0.000000  0.066354  0.000000

      340.357210  0.000000  0.066354  0.000000  0.000000  0.000000  0.000000  0.000000  0.933646  0.000000  0.000000  0.000000  0.000000  0.000000

      343.510848  0.017440  0.000000  0.000000  0.000000  0.000000  0.000000  0.965120  0.000000  0.000000  0.000000  0.000000  0.000000  0.017440

